<?xml version="1.0" encoding="UTF-8"?>
<testsuite xmlns:xsi="http://www.w3.org/2001/XMLSchema-instance" xsi:noNamespaceSchemaLocation="https://maven.apache.org/surefire/maven-surefire-plugin/xsd/surefire-test-report-3.0.xsd" version="3.0" name="pruebas.pagoDAOTest" time="0.084" tests="5" errors="0" skipped="0" failures="0">
  <properties>
[...]
</properties>
  <testcase name="testAgregar" classname="pruebas.pagoDAOTest" time="0.072">
    <system-out><![CDATA[✅ Iniciando pruebas para pagoDAO...
]]></system-out>
  </testcase>
  <testcase name="testAgregar" classname="pruebas.pagoDAOTest" time="0.016">
    <system-out><![CDATA[✅ Iniciando pruebas para pagoDAO...
]]></system-out>
  </testcase>
  <testcase name="testBuscarPorId" classname="pruebas.pagoDAOTest" time="0.023">
    <system-out><![CDATA[✅ Pago encontrado: efectivo
]]></system-out>
  </testcase>
  <testcase name="testBuscarPorId" classname="pruebas.pagoDAOTest" time="0.007">
    <system-out><![CDATA[✅ Pago encontrado: efectivo
]]></system-out>
  </testcase>
  <testcase name="testEliminar" classname="pruebas.pagoDAOTest" time="0.039">
    <system-out><![CDATA[✅ Pago eliminado correctamente
]]></system-out>
  </testcase>
  <testcase name="testEliminar" classname="pruebas.pagoDAOTest" time="0.035">
    <system-out><![CDATA[✅ Pago eliminado correctamente
]]></system-out>
  </testcase>
  <testcase name="testEditar" classname="pruebas.pagoDAOTest" time="0.022">
    <system-out><![CDATA[✅ Pago editado correctamente
]]></system-out>
  </testcase>
  <testcase name="testEditar" classname="pruebas.pagoDAOTest" time="0.014">
    <system-out><![CDATA[✅ Pago editado correctamente
]]></system-out>
  </testcase>
  <testcase name="testListar" classname="pruebas.pagoDAOTest" time="0.016">
    <system-out><![CDATA[✅ Listado de pagos obtenido (93)
]]></system-out>
  </testcase>
  <testcase name="testListar" classname="pruebas.pagoDAOTest" time="0.007">
    <system-out><![CDATA[✅ Listado de pagos obtenido (94)
]]></system-out>
  </testcase>
</testsuite>